2024-12-25T08:16:22+00:00 DEBUG Tt4b_Pixel_Class::inject_view_content_event: hit ViewContent
2024-12-25T08:16:22+00:00 DEBUG Tt4b_Pixel_Class::inject_view_content_event: Missing option "access_token"
2024-12-25T09:58:04+00:00 DEBUG Tt4b_Pixel_Class::inject_view_content_event: hit ViewContent
2024-12-25T09:58:04+00:00 DEBUG Tt4b_Pixel_Class::inject_view_content_event: Missing option "access_token"
2024-12-25T09:59:21+00:00 DEBUG tt4b_product_delete: missing access token for tt4b_product_sync
2024-12-25T09:59:21+00:00 DEBUG tt4b_product_delete: missing access token for tt4b_product_sync
2024-12-25T09:59:21+00:00 DEBUG tt4b_product_delete: missing access token for tt4b_product_sync
2024-12-25T09:59:21+00:00 DEBUG tt4b_product_delete: missing access token for tt4b_product_sync
2024-12-25T09:59:21+00:00 DEBUG tt4b_product_delete: missing access token for tt4b_product_sync
2024-12-25T09:59:21+00:00 DEBUG tt4b_product_delete: missing access token for tt4b_product_sync
2024-12-25T09:59:21+00:00 DEBUG tt4b_product_delete: missing access token for tt4b_product_sync
2024-12-25T09:59:22+00:00 DEBUG tt4b_product_delete: missing access token for tt4b_product_sync
2024-12-25T09:59:22+00:00 DEBUG tt4b_product_delete: missing access token for tt4b_product_sync
2024-12-25T09:59:22+00:00 DEBUG tt4b_product_delete: missing access token for tt4b_product_sync
2024-12-25T09:59:22+00:00 DEBUG tt4b_product_delete: missing access token for tt4b_product_sync
2024-12-25T09:59:22+00:00 DEBUG tt4b_product_delete: missing access token for tt4b_product_sync
2024-12-25T09:59:22+00:00 DEBUG tt4b_product_delete: missing access token for tt4b_product_sync
2024-12-25T09:59:22+00:00 DEBUG tt4b_product_delete: missing access token for tt4b_product_sync
2024-12-25T09:59:22+00:00 DEBUG tt4b_product_delete: missing access token for tt4b_product_sync
2024-12-25T09:59:22+00:00 DEBUG tt4b_product_delete: missing access token for tt4b_product_sync
2024-12-25T09:59:22+00:00 DEBUG tt4b_product_delete: missing access token for tt4b_product_sync
2024-12-25T09:59:22+00:00 DEBUG tt4b_product_delete: missing access token for tt4b_product_sync
2024-12-25T09:59:23+00:00 DEBUG tt4b_product_delete: missing access token for tt4b_product_sync
2024-12-25T09:59:23+00:00 DEBUG tt4b_product_delete: missing access token for tt4b_product_sync
2024-12-25T09:59:37+00:00 DEBUG tt4b_product_delete: missing access token for tt4b_product_sync
2024-12-25T09:59:37+00:00 DEBUG tt4b_product_delete: missing access token for tt4b_product_sync
2024-12-25T09:59:37+00:00 DEBUG tt4b_product_delete: missing access token for tt4b_product_sync
2024-12-25T09:59:37+00:00 DEBUG tt4b_product_delete: missing access token for tt4b_product_sync
2024-12-25T09:59:37+00:00 DEBUG tt4b_product_delete: missing access token for tt4b_product_sync
2024-12-25T09:59:37+00:00 DEBUG tt4b_product_delete: missing access token for tt4b_product_sync
2024-12-25T09:59:37+00:00 DEBUG tt4b_product_delete: missing access token for tt4b_product_sync
2024-12-25T09:59:37+00:00 DEBUG tt4b_product_delete: missing access token for tt4b_product_sync
2024-12-25T09:59:37+00:00 DEBUG tt4b_product_delete: missing access token for tt4b_product_sync
2024-12-25T09:59:37+00:00 DEBUG tt4b_product_delete: missing access token for tt4b_product_sync
2024-12-25T09:59:37+00:00 DEBUG tt4b_product_delete: missing access token for tt4b_product_sync
2024-12-25T09:59:37+00:00 DEBUG tt4b_product_delete: missing access token for tt4b_product_sync
2024-12-25T09:59:37+00:00 DEBUG tt4b_product_delete: missing access token for tt4b_product_sync
2024-12-25T09:59:37+00:00 DEBUG tt4b_product_delete: missing access token for tt4b_product_sync
2024-12-25T09:59:38+00:00 DEBUG tt4b_product_delete: missing access token for tt4b_product_sync
2024-12-25T09:59:38+00:00 DEBUG tt4b_product_delete: missing access token for tt4b_product_sync
2024-12-25T09:59:38+00:00 DEBUG tt4b_product_delete: missing access token for tt4b_product_sync
2024-12-25T09:59:38+00:00 DEBUG tt4b_product_delete: missing access token for tt4b_product_sync
2024-12-25T09:59:38+00:00 DEBUG tt4b_product_delete: missing access token for tt4b_product_sync
2024-12-25T09:59:38+00:00 DEBUG tt4b_product_delete: missing access token for tt4b_product_sync
2024-12-25T10:00:03+00:00 DEBUG tt4b_product_delete: missing access token for tt4b_product_sync
2024-12-25T10:00:03+00:00 DEBUG tt4b_product_delete: missing access token for tt4b_product_sync
2024-12-25T10:00:03+00:00 DEBUG tt4b_product_delete: missing access token for tt4b_product_sync
2024-12-25T10:00:03+00:00 DEBUG tt4b_product_delete: missing access token for tt4b_product_sync
2024-12-25T10:00:03+00:00 DEBUG tt4b_product_delete: missing access token for tt4b_product_sync
2024-12-25T10:00:03+00:00 DEBUG tt4b_product_delete: missing access token for tt4b_product_sync
2024-12-25T10:00:03+00:00 DEBUG tt4b_product_delete: missing access token for tt4b_product_sync
2024-12-25T10:00:03+00:00 DEBUG tt4b_product_delete: missing access token for tt4b_product_sync
2024-12-25T10:00:03+00:00 DEBUG tt4b_product_delete: missing access token for tt4b_product_sync
2024-12-25T10:00:03+00:00 DEBUG tt4b_product_delete: missing access token for tt4b_product_sync
2024-12-25T10:00:04+00:00 DEBUG tt4b_product_delete: missing access token for tt4b_product_sync
2024-12-25T10:00:04+00:00 DEBUG tt4b_product_delete: missing access token for tt4b_product_sync
2024-12-25T10:00:04+00:00 DEBUG tt4b_product_delete: missing access token for tt4b_product_sync
2024-12-25T10:00:04+00:00 DEBUG tt4b_product_delete: missing access token for tt4b_product_sync
2024-12-25T10:00:04+00:00 DEBUG tt4b_product_delete: missing access token for tt4b_product_sync
2024-12-25T10:00:04+00:00 DEBUG tt4b_product_delete: missing access token for tt4b_product_sync
2024-12-25T10:00:04+00:00 DEBUG tt4b_product_delete: missing access token for tt4b_product_sync
2024-12-25T10:00:04+00:00 DEBUG tt4b_product_delete: missing access token for tt4b_product_sync
2024-12-25T13:44:58+00:00 DEBUG Tt4b_Pixel_Class::inject_view_content_event: hit ViewContent
2024-12-25T13:44:58+00:00 DEBUG Tt4b_Pixel_Class::inject_view_content_event: Missing option "access_token"
2024-12-25T13:45:01+00:00 DEBUG Tt4b_Pixel_Class::inject_add_to_cart_event: hit AddToCart
2024-12-25T13:45:01+00:00 DEBUG Tt4b_Pixel_Class::inject_add_to_cart_event: Missing option "access_token"
2024-12-25T13:45:02+00:00 DEBUG Tt4b_Pixel_Class::inject_view_content_event: hit ViewContent
2024-12-25T13:45:02+00:00 DEBUG Tt4b_Pixel_Class::inject_view_content_event: Missing option "access_token"
2024-12-25T13:45:06+00:00 DEBUG Tt4b_Pixel_Class::inject_initiate_checkout_event: hit InitiateCheckout
2024-12-25T13:45:06+00:00 DEBUG Tt4b_Pixel_Class::inject_initiate_checkout_event: Missing option "access_token"
2024-12-25T13:45:12+00:00 DEBUG Tt4b_Pixel_Class::inject_initiate_checkout_event: hit InitiateCheckout
2024-12-25T13:45:12+00:00 DEBUG Tt4b_Pixel_Class::inject_initiate_checkout_event: Missing option "access_token"
2024-12-25T13:45:42+00:00 DEBUG Tt4b_Pixel_Class::inject_purchase_event: hit Purchase
2024-12-25T13:45:42+00:00 DEBUG Tt4b_Pixel_Class::inject_purchase_event: Missing option "access_token"
2024-12-25T13:53:54+00:00 DEBUG Tt4b_Pixel_Class::inject_view_content_event: hit ViewContent
2024-12-25T13:53:54+00:00 DEBUG Tt4b_Pixel_Class::inject_view_content_event: Missing option "access_token"
2024-12-25T14:15:38+00:00 DEBUG Tt4b_Pixel_Class::inject_view_content_event: hit ViewContent
2024-12-25T14:15:38+00:00 DEBUG Tt4b_Pixel_Class::inject_view_content_event: Missing option "access_token"
2024-12-25T14:15:39+00:00 DEBUG Tt4b_Pixel_Class::inject_add_to_cart_event: hit AddToCart
2024-12-25T14:15:39+00:00 DEBUG Tt4b_Pixel_Class::inject_add_to_cart_event: Missing option "access_token"
2024-12-25T14:15:40+00:00 DEBUG Tt4b_Pixel_Class::inject_view_content_event: hit ViewContent
2024-12-25T14:15:40+00:00 DEBUG Tt4b_Pixel_Class::inject_view_content_event: Missing option "access_token"
2024-12-25T14:15:43+00:00 DEBUG Tt4b_Pixel_Class::inject_initiate_checkout_event: hit InitiateCheckout
2024-12-25T14:15:43+00:00 DEBUG Tt4b_Pixel_Class::inject_initiate_checkout_event: Missing option "access_token"
2024-12-25T14:16:19+00:00 DEBUG Tt4b_Pixel_Class::inject_purchase_event: hit Purchase
2024-12-25T14:16:19+00:00 DEBUG Tt4b_Pixel_Class::inject_purchase_event: Missing option "access_token"
2024-12-25T14:19:41+00:00 DEBUG Tt4b_Pixel_Class::inject_view_content_event: hit ViewContent
2024-12-25T14:19:41+00:00 DEBUG Tt4b_Pixel_Class::inject_view_content_event: Missing option "access_token"
2024-12-25T14:19:43+00:00 DEBUG Tt4b_Pixel_Class::inject_add_to_cart_event: hit AddToCart
2024-12-25T14:19:43+00:00 DEBUG Tt4b_Pixel_Class::inject_add_to_cart_event: Missing option "access_token"
2024-12-25T14:19:44+00:00 DEBUG Tt4b_Pixel_Class::inject_view_content_event: hit ViewContent
2024-12-25T14:19:44+00:00 DEBUG Tt4b_Pixel_Class::inject_view_content_event: Missing option "access_token"
2024-12-25T14:19:46+00:00 DEBUG Tt4b_Pixel_Class::inject_initiate_checkout_event: hit InitiateCheckout
2024-12-25T14:19:46+00:00 DEBUG Tt4b_Pixel_Class::inject_initiate_checkout_event: Missing option "access_token"
2024-12-25T14:20:29+00:00 DEBUG Tt4b_Pixel_Class::inject_initiate_checkout_event: hit InitiateCheckout
2024-12-25T14:20:29+00:00 DEBUG Tt4b_Pixel_Class::inject_initiate_checkout_event: Missing option "access_token"
2024-12-25T14:20:40+00:00 DEBUG Tt4b_Pixel_Class::inject_purchase_event: hit Purchase
2024-12-25T14:20:40+00:00 DEBUG Tt4b_Pixel_Class::inject_purchase_event: Missing option "access_token"
2024-12-25T14:34:19+00:00 DEBUG Tt4b_Pixel_Class::inject_purchase_event: hit Purchase
2024-12-25T14:34:19+00:00 DEBUG Tt4b_Pixel_Class::inject_purchase_event: Missing option "access_token"
2024-12-25T14:35:29+00:00 DEBUG Tt4b_Pixel_Class::inject_purchase_event: hit Purchase
2024-12-25T14:35:29+00:00 DEBUG Tt4b_Pixel_Class::inject_purchase_event: Missing option "access_token"
2024-12-25T14:36:08+00:00 DEBUG Tt4b_Pixel_Class::inject_purchase_event: hit Purchase
2024-12-25T14:36:08+00:00 DEBUG Tt4b_Pixel_Class::inject_purchase_event: Missing option "access_token"
2024-12-25T14:36:26+00:00 DEBUG Tt4b_Pixel_Class::inject_purchase_event: hit Purchase
2024-12-25T14:36:26+00:00 DEBUG Tt4b_Pixel_Class::inject_purchase_event: Missing option "access_token"
2024-12-25T14:43:33+00:00 DEBUG Tt4b_Pixel_Class::inject_purchase_event: hit Purchase
2024-12-25T14:43:33+00:00 DEBUG Tt4b_Pixel_Class::inject_purchase_event: Missing option "access_token"
2024-12-25T14:50:03+00:00 DEBUG Tt4b_Pixel_Class::inject_purchase_event: hit Purchase
2024-12-25T14:50:03+00:00 DEBUG Tt4b_Pixel_Class::inject_purchase_event: Missing option "access_token"
2024-12-25T18:31:48+00:00 DEBUG Tt4b_Pixel_Class::inject_view_content_event: hit ViewContent
2024-12-25T18:31:48+00:00 DEBUG Tt4b_Pixel_Class::inject_view_content_event: Missing option "access_token"
2024-12-25T18:40:37+00:00 DEBUG Tt4b_Pixel_Class::inject_view_content_event: hit ViewContent
2024-12-25T18:40:37+00:00 DEBUG Tt4b_Pixel_Class::inject_view_content_event: Missing option "access_token"
2024-12-25T18:41:00+00:00 DEBUG Tt4b_Pixel_Class::inject_view_content_event: hit ViewContent
2024-12-25T18:41:00+00:00 DEBUG Tt4b_Pixel_Class::inject_view_content_event: Missing option "access_token"
2024-12-25T18:43:19+00:00 DEBUG Tt4b_Pixel_Class::inject_view_content_event: hit ViewContent
2024-12-25T18:43:19+00:00 DEBUG Tt4b_Pixel_Class::inject_view_content_event: Missing option "access_token"
2024-12-25T18:46:28+00:00 DEBUG Tt4b_Pixel_Class::inject_view_content_event: hit ViewContent
2024-12-25T18:46:28+00:00 DEBUG Tt4b_Pixel_Class::inject_view_content_event: Missing option "access_token"
2024-12-25T18:50:25+00:00 DEBUG Tt4b_Pixel_Class::inject_view_content_event: hit ViewContent
2024-12-25T18:50:25+00:00 DEBUG Tt4b_Pixel_Class::inject_view_content_event: Missing option "access_token"
2024-12-25T18:51:00+00:00 DEBUG Tt4b_Pixel_Class::inject_view_content_event: hit ViewContent
2024-12-25T18:51:00+00:00 DEBUG Tt4b_Pixel_Class::inject_view_content_event: Missing option "access_token"
2024-12-25T18:52:18+00:00 DEBUG Tt4b_Pixel_Class::inject_view_content_event: hit ViewContent
2024-12-25T18:52:18+00:00 DEBUG Tt4b_Pixel_Class::inject_view_content_event: Missing option "access_token"
