2024-12-20T15:38:49+00:00 DEBUG POST: https://ads.tiktok.com/marketing_api/api/developer/app/create_auto_approve/

{"business_platform":"PROD","smb_id":"tt4b_woocommerce_67658f8925c6ahttpsshipnuochoalengdoidvnwp-admin","smb_name":"PROD","redirect_url":"https:\/\/shipnuochoalengdo.id.vn\/wp-admin\/"}
 ajax: no
2024-12-20T15:38:49+00:00 DEBUG Tt4b_Mapi_Class::create_open_source_app: Response: 

HTTP/1.1 200 OK
Content-Type: application/json
X-Tt-Logid: 20241220153950E98556B56805346BDDA5,20241220153950E98556B56805346BDDA5
Strict-Transport-Security: max-age=31536000; includeSubDomains
Server-Timing: inner; dur=92
x-tt-trace-host: 01b7d75cdc53ed4bd16e43f5f8c94dc1a7e5284730d45a276702b99143a5114b5a141c81fedea18a910548e36268f0a07cb1d43c400016401c94e7961ec9188177cb3a501ed040c8b3c49e8470a9b489828d1802c32e919a9758df6c20d75df7b7
x-tt-trace-id: 00-241220153950E98556B56805346BDDA5-1EACBD62434ED69D-00
Server: TLB
Content-Encoding: gzip
Date: Fri, 20 Dec 2024 15:39:51 GMT
Content-Length: 212
X-Cache: TCP_MISS from a23-32-20-22.deploy.akamaitechnologies.com (AkamaiGHost/11.7.2.1-35a4fcef889a1f053c9fa641f2ccd99a) (-)
Connection: close
Vary: Accept-Encoding
x-tt-trace-tag: id=16;cdn-cache=miss;type=dyn
Server-Timing: cdn-cache; desc=MISS, edge; dur=12, origin; dur=150
X-Origin-Response-Time: 151,23.32.20.22
X-Akamai-Request-ID: 264928f

{"code":0,"msg":"ok","data":{"external_data_key":"e79d42e6-4752-40fb-8298-daabcdfea5fa","app_id":"7450519244917178384","app_secret":"23499453ca22e0f72599141058c1153b4a796c82","redirect_uri":"https:\/\/shipnuochoalengdo.id.vn\/wp-admin\/"}}
