12-28-2024 @ 14:26:37 - ---[ New import started at 2024-12-28 07:26:37 ] PHP Memory: 1 GB, WP Memory: 40 MB
12-28-2024 @ 14:26:37 - Preparing for import.
12-28-2024 @ 14:26:37 - Row :1 - Parsing item.
12-28-2024 @ 14:26:37 - Importing as new product ID:582
12-28-2024 @ 14:26:37 - Row :1 - Processing item.
12-28-2024 @ 14:26:37 - Found simple product object. ID:582
12-28-2024 @ 14:26:37 - Setting Featured Image. URL:https://www.sephora.com/productimages/sku/s2790962-main-zoom.jpg?imwidth=48 1x
12-28-2024 @ 14:26:38 - Attachment ID:583
12-28-2024 @ 14:26:38 - Setting Gallery Images.
12-28-2024 @ 14:26:38 - Image URL:https://www.sephora.com/productimages/sku/s2790962-main-zoom.jpg?imwidth=96 2x
12-28-2024 @ 14:26:39 - Attachment ID:584
12-28-2024 @ 14:26:39 - Image URL:https://www.sephora.com/productimages/sku/s2790962-av-02-zoom.jpg?imwidth=48 1x
12-28-2024 @ 14:26:39 - Attachment ID:585
12-28-2024 @ 14:26:39 - Image URL:https://www.sephora.com/productimages/sku/s2790962-av-02-zoom.jpg?imwidth=96 2x
12-28-2024 @ 14:26:39 - Attachment ID:586
12-28-2024 @ 14:26:39 - Image URL:https://www.sephora.com/productimages/sku/s2790962-av-03-zoom.jpg?imwidth=48 1x
12-28-2024 @ 14:26:39 - Attachment ID:587
12-28-2024 @ 14:26:39 - Image URL:https://www.sephora.com/productimages/sku/s2790962-av-03-zoom.jpg?imwidth=96 2x
12-28-2024 @ 14:26:40 - Attachment ID:588
12-28-2024 @ 14:26:40 - Image URL:https://www.sephora.com/productimages/sku/s2790962-av-04-zoom.jpg?imwidth=48 1x
12-28-2024 @ 14:26:40 - Attachment ID:589
12-28-2024 @ 14:26:40 - Image URL:https://www.sephora.com/productimages/sku/s2790962-av-04-zoom.jpg?imwidth=96 2x
12-28-2024 @ 14:26:40 - Attachment ID:590
12-28-2024 @ 14:26:40 - Image URL:https://www.sephora.com/productimages/sku/s2790962-av-05-zoom.jpg?imwidth=48 1x
12-28-2024 @ 14:26:40 - Attachment ID:591
12-28-2024 @ 14:26:40 - Image URL:https://www.sephora.com/productimages/sku/s2790962-av-05-zoom.jpg?imwidth=96 2x
12-28-2024 @ 14:26:41 - Attachment ID:592
12-28-2024 @ 14:26:41 - Image URL:https://www.sephora.com/productimages/sku/s2790962-av-06-zoom.jpg?imwidth=48 1x
12-28-2024 @ 14:26:41 - Attachment ID:593
12-28-2024 @ 14:26:41 - Image URL:https://www.sephora.com/productimages/sku/s2790962-av-06-zoom.jpg?imwidth=96 2x
12-28-2024 @ 14:26:41 - Attachment ID:594
12-28-2024 @ 14:26:42 - Row :1 - Product imported successfully.
12-28-2024 @ 14:26:42 - Row :2 - Parsing item.
12-28-2024 @ 14:26:42 - Importing as new product ID:595
12-28-2024 @ 14:26:42 - Row :2 - Processing item.
12-28-2024 @ 14:26:42 - Found simple product object. ID:595
12-28-2024 @ 14:26:42 - Setting Featured Image. URL:https://www.sephora.com/productimages/sku/s2821700-main-zoom.jpg?imwidth=48 1x
12-28-2024 @ 14:26:42 - Attachment ID:596
12-28-2024 @ 14:26:42 - Setting Gallery Images.
12-28-2024 @ 14:26:42 - Image URL:https://www.sephora.com/productimages/sku/s2821700-main-zoom.jpg?imwidth=96 2x
12-28-2024 @ 14:26:42 - Attachment ID:597
12-28-2024 @ 14:26:42 - Image URL:https://www.sephora.com/productimages/sku/s2821700-av-01-zoom.jpg?imwidth=48 1x
12-28-2024 @ 14:26:42 - Attachment ID:598
12-28-2024 @ 14:26:42 - Image URL:https://www.sephora.com/productimages/sku/s2821700-av-01-zoom.jpg?imwidth=96 2x
12-28-2024 @ 14:26:43 - Attachment ID:599
12-28-2024 @ 14:26:43 - Image URL:https://www.sephora.com/productimages/sku/s2821700-av-11-zoom.jpg?imwidth=48 1x
12-28-2024 @ 14:26:43 - Attachment ID:600
12-28-2024 @ 14:26:43 - Image URL:https://www.sephora.com/productimages/sku/s2821700-av-11-zoom.jpg?imwidth=96 2x
12-28-2024 @ 14:26:43 - Attachment ID:601
12-28-2024 @ 14:26:43 - Image URL:https://www.sephora.com/productimages/sku/s2821700-av-10-zoom.jpg?imwidth=48 1x
12-28-2024 @ 14:26:43 - Attachment ID:602
12-28-2024 @ 14:26:43 - Image URL:https://www.sephora.com/productimages/sku/s2821700-av-10-zoom.jpg?imwidth=96 2x
12-28-2024 @ 14:26:44 - Attachment ID:603
12-28-2024 @ 14:26:44 - Row :2 - Product imported successfully.
12-28-2024 @ 14:26:44 - Row :3 - Parsing item.
12-28-2024 @ 14:26:44 - Importing as new product ID:604
12-28-2024 @ 14:26:44 - Row :3 - Processing item.
12-28-2024 @ 14:26:44 - Found simple product object. ID:604
12-28-2024 @ 14:26:44 - Setting Featured Image. URL:https://www.sephora.com/productimages/sku/s1019983-main-zoom.jpg?imwidth=48 1x
12-28-2024 @ 14:26:44 - Attachment ID:605
12-28-2024 @ 14:26:44 - Setting Gallery Images.
12-28-2024 @ 14:26:44 - Image URL:https://www.sephora.com/productimages/sku/s1019983-main-zoom.jpg?imwidth=96 2x
12-28-2024 @ 14:26:45 - Attachment ID:606
12-28-2024 @ 14:26:45 - Image URL:https://www.sephora.com/productimages/product/p186402-av-14-zoom.jpg?imwidth=48 1x
12-28-2024 @ 14:26:46 - Attachment ID:607
12-28-2024 @ 14:26:46 - Image URL:https://www.sephora.com/productimages/product/p186402-av-14-zoom.jpg?imwidth=96 2x
12-28-2024 @ 14:26:46 - Attachment ID:608
12-28-2024 @ 14:26:47 - Row :3 - Product imported successfully.
12-28-2024 @ 14:26:47 - Row :4 - Parsing item.
12-28-2024 @ 14:26:47 - Importing as new product ID:609
12-28-2024 @ 14:26:47 - Row :4 - Processing item.
12-28-2024 @ 14:26:47 - Found simple product object. ID:609
12-28-2024 @ 14:26:47 - Setting Featured Image. URL:https://www.sephora.com/productimages/sku/s1112481-main-zoom.jpg?imwidth=48 1x
12-28-2024 @ 14:26:47 - Attachment ID:610
12-28-2024 @ 14:26:47 - Setting Gallery Images.
12-28-2024 @ 14:26:47 - Image URL:https://www.sephora.com/productimages/sku/s1112481-main-zoom.jpg?imwidth=96 2x
12-28-2024 @ 14:26:47 - Attachment ID:611
12-28-2024 @ 14:26:47 - Image URL:https://www.sephora.com/productimages/product/p219907-av-04-zoom.jpg?imwidth=48 1x
12-28-2024 @ 14:26:48 - Attachment ID:612
12-28-2024 @ 14:26:48 - Image URL:https://www.sephora.com/productimages/product/p219907-av-04-zoom.jpg?imwidth=96 2x
12-28-2024 @ 14:26:48 - Attachment ID:613
12-28-2024 @ 14:26:48 - Row :4 - Product imported successfully.
12-28-2024 @ 14:26:48 - Row :5 - Parsing item.
12-28-2024 @ 14:26:48 - Importing as new product ID:614
12-28-2024 @ 14:26:48 - Row :5 - Processing item.
12-28-2024 @ 14:26:48 - Found simple product object. ID:614
12-28-2024 @ 14:26:48 - Setting Featured Image. URL:https://www.sephora.com/productimages/sku/s1200716-main-zoom.jpg?imwidth=48 1x
12-28-2024 @ 14:26:48 - Attachment ID:615
12-28-2024 @ 14:26:48 - Setting Gallery Images.
12-28-2024 @ 14:26:48 - Image URL:https://www.sephora.com/productimages/sku/s1200716-main-zoom.jpg?imwidth=96 2x
12-28-2024 @ 14:26:49 - Attachment ID:616
12-28-2024 @ 14:26:49 - Image URL:https://www.sephora.com/productimages/product/p243320-av-25-zoom.jpg?imwidth=48 1x
12-28-2024 @ 14:26:49 - Attachment ID:617
12-28-2024 @ 14:26:49 - Image URL:https://www.sephora.com/productimages/product/p243320-av-25-zoom.jpg?imwidth=96 2x
12-28-2024 @ 14:26:49 - Attachment ID:618
12-28-2024 @ 14:26:49 - Image URL:https://www.sephora.com/productimages/product/p243320-av-20-zoom.jpg?imwidth=48 1x
12-28-2024 @ 14:26:50 - Attachment ID:619
12-28-2024 @ 14:26:50 - Image URL:https://www.sephora.com/productimages/product/p243320-av-20-zoom.jpg?imwidth=96 2x
12-28-2024 @ 14:26:51 - Attachment ID:620
12-28-2024 @ 14:26:51 - Image URL:https://www.sephora.com/productimages/product/p243320-av-05-zoom.jpg?imwidth=48 1x
12-28-2024 @ 14:26:51 - Attachment ID:621
12-28-2024 @ 14:26:51 - Image URL:https://www.sephora.com/productimages/product/p243320-av-05-zoom.jpg?imwidth=96 2x
12-28-2024 @ 14:26:51 - Attachment ID:622
12-28-2024 @ 14:26:51 - Image URL:https://www.sephora.com/productimages/product/p243320-av-15-zoom.jpg?imwidth=48 1x
12-28-2024 @ 14:26:51 - Attachment ID:623
12-28-2024 @ 14:26:51 - Image URL:https://www.sephora.com/productimages/product/p243320-av-15-zoom.jpg?imwidth=96 2x
12-28-2024 @ 14:26:52 - Attachment ID:624
12-28-2024 @ 14:26:52 - Row :5 - Product imported successfully.
12-28-2024 @ 14:26:52 - ---[ Import ended at 2024-12-28 07:26:52]---
