12-28-2024 @ 15:24:17 - ---[ New import started at 2024-12-28 08:24:17 ] PHP Memory: 1 GB, WP Memory: 40 MB
12-28-2024 @ 15:24:17 - Preparing for import.
12-28-2024 @ 15:24:17 - Row :1 - Parsing item.
12-28-2024 @ 15:24:17 - Importing as new product ID:636
12-28-2024 @ 15:24:17 - Row :1 - Processing item.
12-28-2024 @ 15:24:17 - Found simple product object. ID:636
12-28-2024 @ 15:24:17 - Setting Featured Image. URL:https://www.sephora.com/productimages/sku/s2790962-main-zoom.jpg
12-28-2024 @ 15:24:18 - Attachment ID:637
12-28-2024 @ 15:24:18 - Row :1 - Product imported successfully.
12-28-2024 @ 15:24:18 - Row :2 - Parsing item.
12-28-2024 @ 15:24:18 - Importing as new product ID:638
12-28-2024 @ 15:24:18 - Row :2 - Processing item.
12-28-2024 @ 15:24:18 - Found simple product object. ID:638
12-28-2024 @ 15:24:18 - Setting Featured Image. URL:https://www.sephora.com/productimages/sku/s2821700-main-zoom.jpg
12-28-2024 @ 15:24:19 - Attachment ID:639
12-28-2024 @ 15:24:19 - Row :2 - Product imported successfully.
12-28-2024 @ 15:24:19 - Row :3 - Parsing item.
12-28-2024 @ 15:24:19 - Importing as new product ID:640
12-28-2024 @ 15:24:19 - Row :3 - Processing item.
12-28-2024 @ 15:24:19 - Found simple product object. ID:640
12-28-2024 @ 15:24:19 - Row :3 - Processing failed. Reason: Không hợp lệ hoặc trùng mã sản phẩm.
12-28-2024 @ 15:24:19 - Row :4 - Parsing item.
12-28-2024 @ 15:24:19 - Importing as new product ID:641
12-28-2024 @ 15:24:19 - Row :4 - Processing item.
12-28-2024 @ 15:24:19 - Found simple product object. ID:641
12-28-2024 @ 15:24:19 - Row :4 - Processing failed. Reason: Không hợp lệ hoặc trùng mã sản phẩm.
12-28-2024 @ 15:24:19 - Row :5 - Parsing item.
12-28-2024 @ 15:24:19 - Importing as new product ID:642
12-28-2024 @ 15:24:19 - Row :5 - Processing item.
12-28-2024 @ 15:24:19 - Found simple product object. ID:642
12-28-2024 @ 15:24:19 - Row :5 - Processing failed. Reason: Không hợp lệ hoặc trùng mã sản phẩm.
12-28-2024 @ 15:24:19 - ---[ Import ended at 2024-12-28 08:24:19]---
